[debug] [2022-01-25T22:59:04.908Z] ----------------------------------------------------------------------
[debug] [2022-01-25T22:59:04.910Z] Command:       C:\Program Files\nodejs\node.exe C:\Users\jdvpl\AppData\Roaming\npm\node_modules\firebase-tools\lib\bin\firebase.js serve
[debug] [2022-01-25T22:59:04.911Z] CLI Version:   9.23.1
[debug] [2022-01-25T22:59:04.911Z] Platform:      win32
[debug] [2022-01-25T22:59:04.911Z] Node Version:  v14.18.1
[debug] [2022-01-25T22:59:04.912Z] Time:          Tue Jan 25 2022 17:59:04 GMT-0500 (hora estándar de Colombia)
[debug] [2022-01-25T22:59:04.912Z] ----------------------------------------------------------------------
[debug] 
[debug] [2022-01-25T22:59:04.961Z] > command requires scopes: ["email","openid","https://www.googleapis.com/auth/cloudplatformprojects.readonly","https://www.googleapis.com/auth/firebase","https://www.googleapis.com/auth/cloud-platform"]
[debug] [2022-01-25T22:59:04.961Z] > authorizing via signed-in user (pultensoft@gmail.com)
[debug] [2022-01-25T22:59:04.961Z] [iam] checking project pultemsoft for permissions ["firebase.projects.get"]
[debug] [2022-01-25T22:59:04.963Z] > refreshing access token with scopes: ["email","https://www.googleapis.com/auth/cloud-platform","https://www.googleapis.com/auth/cloudplatformprojects.readonly","https://www.googleapis.com/auth/firebase","openid"]
[debug] [2022-01-25T22:59:04.963Z] >>> HTTP REQUEST POST https://www.googleapis.com/oauth2/v3/token  
 <request body omitted>
[debug] [2022-01-25T22:59:05.224Z] <<< HTTP RESPONSE 200 {"expires":"Mon, 01 Jan 1990 00:00:00 GMT","cache-control":"no-cache, no-store, max-age=0, must-revalidate","date":"Tue, 25 Jan 2022 22:59:05 GMT","pragma":"no-cache","content-type":"application/json; charset=utf-8","vary":"X-Origin, Referer, Origin,Accept-Encoding","server":"scaffolding on HTTPServer2","x-xss-protection":"0","x-frame-options":"SAMEORIGIN","x-content-type-options":"nosniff","alt-svc":"h3=\":443\"; ma=2592000,h3-29=\":443\"; ma=2592000,h3-Q050=\":443\"; ma=2592000,h3-Q046=\":443\"; ma=2592000,h3-Q043=\":443\"; ma=2592000,quic=\":443\"; ma=2592000; v=\"46,43\"","accept-ranges":"none","transfer-encoding":"chunked"}
[debug] [2022-01-25T22:59:05.247Z] >>> HTTP REQUEST POST https://cloudresourcemanager.googleapis.com/v1/projects/pultemsoft:testIamPermissions  
 {"permissions":["firebase.projects.get"]}
[debug] [2022-01-25T22:59:05.736Z] <<< HTTP RESPONSE 200 {"content-type":"application/json; charset=UTF-8","vary":"X-Origin, Referer, Origin,Accept-Encoding","date":"Tue, 25 Jan 2022 22:59:05 GMT","server":"ESF","cache-control":"private","x-xss-protection":"0","x-frame-options":"SAMEORIGIN","x-content-type-options":"nosniff","server-timing":"gfet4t7; dur=320","alt-svc":"h3=\":443\"; ma=2592000,h3-29=\":443\"; ma=2592000,h3-Q050=\":443\"; ma=2592000,h3-Q046=\":443\"; ma=2592000,h3-Q043=\":443\"; ma=2592000,quic=\":443\"; ma=2592000; v=\"46,43\"","accept-ranges":"none","transfer-encoding":"chunked"}
[debug] [2022-01-25T22:59:05.741Z] > refreshing access token with scopes: []
[debug] [2022-01-25T22:59:05.741Z] >>> HTTP REQUEST POST https://www.googleapis.com/oauth2/v3/token  
 <request body omitted>
[debug] [2022-01-25T22:59:05.925Z] <<< HTTP RESPONSE 200 {"expires":"Mon, 01 Jan 1990 00:00:00 GMT","date":"Tue, 25 Jan 2022 22:59:06 GMT","cache-control":"no-cache, no-store, max-age=0, must-revalidate","pragma":"no-cache","content-type":"application/json; charset=utf-8","vary":"X-Origin, Referer, Origin,Accept-Encoding","server":"scaffolding on HTTPServer2","x-xss-protection":"0","x-frame-options":"SAMEORIGIN","x-content-type-options":"nosniff","alt-svc":"h3=\":443\"; ma=2592000,h3-29=\":443\"; ma=2592000,h3-Q050=\":443\"; ma=2592000,h3-Q046=\":443\"; ma=2592000,h3-Q043=\":443\"; ma=2592000,quic=\":443\"; ma=2592000; v=\"46,43\"","accept-ranges":"none","transfer-encoding":"chunked"}
[debug] [2022-01-25T22:59:05.951Z] >>> [apiv2][query] GET https://firebase.googleapis.com/v1beta1/projects/pultemsoft [none]
[debug] [2022-01-25T22:59:06.341Z] <<< [apiv2][status] GET https://firebase.googleapis.com/v1beta1/projects/pultemsoft 200
[debug] [2022-01-25T22:59:06.342Z] <<< [apiv2][body] GET https://firebase.googleapis.com/v1beta1/projects/pultemsoft {"projectId":"pultemsoft","projectNumber":"935924857959","displayName":"pultemsoft","name":"projects/pultemsoft","resources":{"hostingSite":"pultemsoft","storageBucket":"pultemsoft.appspot.com","locationId":"us-central"},"state":"ACTIVE"}
[info] 
[info] === Serving from 'D:\devnet\web\backend'...
[info] 
[info] +  functions: Using node@14 from host. {"metadata":{"emulator":{"name":"functions"},"message":"Using node@14 from host."}}
[debug] [2022-01-25T22:59:06.366Z] defaultcredentials: writing to file C:\Users\jdvpl\AppData\Roaming\firebase\pultensoft_gmail_com_application_default_credentials.json
[debug] [2022-01-25T22:59:06.369Z] Setting GAC to C:\Users\jdvpl\AppData\Roaming\firebase\pultensoft_gmail_com_application_default_credentials.json {"metadata":{"emulator":{"name":"functions"},"message":"Setting GAC to C:\\Users\\jdvpl\\AppData\\Roaming\\firebase\\pultensoft_gmail_com_application_default_credentials.json"}}
[debug] [2022-01-25T22:59:06.373Z] >>> [apiv2][query] GET https://firebase.googleapis.com/v1beta1/projects/pultemsoft/adminSdkConfig [none]
[debug] [2022-01-25T22:59:06.668Z] <<< [apiv2][status] GET https://firebase.googleapis.com/v1beta1/projects/pultemsoft/adminSdkConfig 200
[debug] [2022-01-25T22:59:06.668Z] <<< [apiv2][body] GET https://firebase.googleapis.com/v1beta1/projects/pultemsoft/adminSdkConfig {"projectId":"pultemsoft","storageBucket":"pultemsoft.appspot.com","locationId":"us-central"}
[info] i  functions: Watching "D:\devnet\web\backend\functions" for Cloud Functions... {"metadata":{"emulator":{"name":"functions"},"message":"Watching \"D:\\devnet\\web\\backend\\functions\" for Cloud Functions..."}}
[debug] [2022-01-25T22:59:06.727Z] [worker-pool] addWorker(~diagnostic~) {"metadata":{"emulator":{"name":"functions"},"message":"[worker-pool] addWorker(~diagnostic~)"}}
[debug] [2022-01-25T22:59:06.728Z] [worker-pool] Adding worker with key ~diagnostic~, total=1 {"metadata":{"emulator":{"name":"functions"},"message":"[worker-pool] Adding worker with key ~diagnostic~, total=1"}}
[debug] [2022-01-25T22:59:06.728Z] [worker-pool] submitWork(triggerId=) {"metadata":{"emulator":{"name":"functions"},"message":"[worker-pool] submitWork(triggerId=)"}}
[debug] [2022-01-25T22:59:06.729Z] [worker-~diagnostic~-15c1e715-39c2-4fce-8c30-1efba66f0edd]: Assigning socketPath: \\?\pipe\D:\devnet\web\backend\functions\16584 {"metadata":{"emulator":{"name":"functions"},"message":"[worker-~diagnostic~-15c1e715-39c2-4fce-8c30-1efba66f0edd]: Assigning socketPath: \\\\?\\pipe\\D:\\devnet\\web\\backend\\functions\\16584"}}
[debug] [2022-01-25T22:59:06.729Z] [worker-~diagnostic~-15c1e715-39c2-4fce-8c30-1efba66f0edd]: BUSY {"metadata":{"emulator":{"name":"functions"},"message":"[worker-~diagnostic~-15c1e715-39c2-4fce-8c30-1efba66f0edd]: BUSY"}}
[debug] [2022-01-25T22:59:06.933Z] [runtime-status] [16584] Functions runtime initialized. {"cwd":"D:\\devnet\\web\\backend\\functions","node_version":"14.18.1"} {"metadata":{"emulator":{"name":"functions"},"message":"[runtime-status] [16584] Functions runtime initialized. {\"cwd\":\"D:\\\\devnet\\\\web\\\\backend\\\\functions\",\"node_version\":\"14.18.1\"}"}}
[debug] [2022-01-25T22:59:06.934Z] [runtime-status] [16584] Disabled runtime features: undefined {"metadata":{"emulator":{"name":"functions"},"message":"[runtime-status] [16584] Disabled runtime features: undefined"}}
[debug] [2022-01-25T22:59:06.936Z] [runtime-status] [16584] Resolved module firebase-admin {"declared":true,"installed":true,"version":"9.12.0","resolution":"D:\\devnet\\web\\backend\\functions\\node_modules\\firebase-admin\\lib\\index.js"} {"metadata":{"emulator":{"name":"functions"},"message":"[runtime-status] [16584] Resolved module firebase-admin {\"declared\":true,\"installed\":true,\"version\":\"9.12.0\",\"resolution\":\"D:\\\\devnet\\\\web\\\\backend\\\\functions\\\\node_modules\\\\firebase-admin\\\\lib\\\\index.js\"}"}}
[debug] [2022-01-25T22:59:06.939Z] [runtime-status] [16584] Resolved module firebase-functions {"declared":true,"installed":true,"version":"3.16.0","resolution":"D:\\devnet\\web\\backend\\functions\\node_modules\\firebase-functions\\lib\\index.js"} {"metadata":{"emulator":{"name":"functions"},"message":"[runtime-status] [16584] Resolved module firebase-functions {\"declared\":true,\"installed\":true,\"version\":\"3.16.0\",\"resolution\":\"D:\\\\devnet\\\\web\\\\backend\\\\functions\\\\node_modules\\\\firebase-functions\\\\lib\\\\index.js\"}"}}
[debug] [2022-01-25T22:59:06.940Z] [runtime-status] [16584] Outgoing network have been stubbed. [{"name":"http","status":"mocked"},{"name":"http","status":"mocked"},{"name":"https","status":"mocked"},{"name":"https","status":"mocked"},{"name":"net","status":"mocked"}] {"metadata":{"emulator":{"name":"functions"},"message":"[runtime-status] [16584] Outgoing network have been stubbed. [{\"name\":\"http\",\"status\":\"mocked\"},{\"name\":\"http\",\"status\":\"mocked\"},{\"name\":\"https\",\"status\":\"mocked\"},{\"name\":\"https\",\"status\":\"mocked\"},{\"name\":\"net\",\"status\":\"mocked\"}]"}}
[debug] [2022-01-25T22:59:06.941Z] [runtime-status] [16584] Resolved module firebase-functions {"declared":true,"installed":true,"version":"3.16.0","resolution":"D:\\devnet\\web\\backend\\functions\\node_modules\\firebase-functions\\lib\\index.js"} {"metadata":{"emulator":{"name":"functions"},"message":"[runtime-status] [16584] Resolved module firebase-functions {\"declared\":true,\"installed\":true,\"version\":\"3.16.0\",\"resolution\":\"D:\\\\devnet\\\\web\\\\backend\\\\functions\\\\node_modules\\\\firebase-functions\\\\lib\\\\index.js\"}"}}
[debug] [2022-01-25T22:59:06.981Z] [runtime-status] [16584] Checked functions.config() {"config":{}} {"metadata":{"emulator":{"name":"functions"},"message":"[runtime-status] [16584] Checked functions.config() {\"config\":{}}"}}
[debug] [2022-01-25T22:59:06.981Z] [runtime-status] [16584] firebase-functions has been stubbed. {"functionsResolution":{"declared":true,"installed":true,"version":"3.16.0","resolution":"D:\\devnet\\web\\backend\\functions\\node_modules\\firebase-functions\\lib\\index.js"}} {"metadata":{"emulator":{"name":"functions"},"message":"[runtime-status] [16584] firebase-functions has been stubbed. {\"functionsResolution\":{\"declared\":true,\"installed\":true,\"version\":\"3.16.0\",\"resolution\":\"D:\\\\devnet\\\\web\\\\backend\\\\functions\\\\node_modules\\\\firebase-functions\\\\lib\\\\index.js\"}}"}}
[debug] [2022-01-25T22:59:06.982Z] [runtime-status] [16584] Resolved module firebase-functions {"declared":true,"installed":true,"version":"3.16.0","resolution":"D:\\devnet\\web\\backend\\functions\\node_modules\\firebase-functions\\lib\\index.js"} {"metadata":{"emulator":{"name":"functions"},"message":"[runtime-status] [16584] Resolved module firebase-functions {\"declared\":true,\"installed\":true,\"version\":\"3.16.0\",\"resolution\":\"D:\\\\devnet\\\\web\\\\backend\\\\functions\\\\node_modules\\\\firebase-functions\\\\lib\\\\index.js\"}"}}
[debug] [2022-01-25T22:59:06.983Z] [runtime-status] [16584] Resolved module firebase-admin {"declared":true,"installed":true,"version":"9.12.0","resolution":"D:\\devnet\\web\\backend\\functions\\node_modules\\firebase-admin\\lib\\index.js"} {"metadata":{"emulator":{"name":"functions"},"message":"[runtime-status] [16584] Resolved module firebase-admin {\"declared\":true,\"installed\":true,\"version\":\"9.12.0\",\"resolution\":\"D:\\\\devnet\\\\web\\\\backend\\\\functions\\\\node_modules\\\\firebase-admin\\\\lib\\\\index.js\"}"}}
[debug] [2022-01-25T22:59:06.983Z] [runtime-status] [16584] Resolved module firebase-functions {"declared":true,"installed":true,"version":"3.16.0","resolution":"D:\\devnet\\web\\backend\\functions\\node_modules\\firebase-functions\\lib\\index.js"} {"metadata":{"emulator":{"name":"functions"},"message":"[runtime-status] [16584] Resolved module firebase-functions {\"declared\":true,\"installed\":true,\"version\":\"3.16.0\",\"resolution\":\"D:\\\\devnet\\\\web\\\\backend\\\\functions\\\\node_modules\\\\firebase-functions\\\\lib\\\\index.js\"}"}}
[debug] [2022-01-25T22:59:06.983Z] [runtime-status] [16584] firebase-admin has been stubbed. {"adminResolution":{"declared":true,"installed":true,"version":"9.12.0","resolution":"D:\\devnet\\web\\backend\\functions\\node_modules\\firebase-admin\\lib\\index.js"}} {"metadata":{"emulator":{"name":"functions"},"message":"[runtime-status] [16584] firebase-admin has been stubbed. {\"adminResolution\":{\"declared\":true,\"installed\":true,\"version\":\"9.12.0\",\"resolution\":\"D:\\\\devnet\\\\web\\\\backend\\\\functions\\\\node_modules\\\\firebase-admin\\\\lib\\\\index.js\"}}"}}
[debug] [2022-01-25T22:59:07.092Z] [runtime-status] [16584] initializeApp(DEFAULT) {"credential":{"implicit":true,"refreshToken":{"clientId":"563584335869-fgrhgmd47bqnekij5i8b5pr03ho849e6.apps.googleusercontent.com","clientSecret":"j9iVZfS8kkCEFUPaAeJV0sAi","refreshToken":"1//05BsqMB2WjjMgCgYIARAAGAUSNwF-L9Ir88d73cChofLBkXRoq74fOqAiX0HZhRd6MH0FgQPJeb6IWwhEHnKXx_SLJ0EFxQ7SKbY","type":"authorized_user"},"httpClient":{"retry":{"maxRetries":4,"statusCodes":[503],"ioErrorCodes":["ECONNRESET","ETIMEDOUT"],"backOffFactor":0.5,"maxDelayInMillis":60000}}},"databaseURL":"https://pultemsoft.firebaseio.com"} {"metadata":{"emulator":{"name":"functions"},"message":"[runtime-status] [16584] initializeApp(DEFAULT) {\"credential\":{\"implicit\":true,\"refreshToken\":{\"clientId\":\"563584335869-fgrhgmd47bqnekij5i8b5pr03ho849e6.apps.googleusercontent.com\",\"clientSecret\":\"j9iVZfS8kkCEFUPaAeJV0sAi\",\"refreshToken\":\"1//05BsqMB2WjjMgCgYIARAAGAUSNwF-L9Ir88d73cChofLBkXRoq74fOqAiX0HZhRd6MH0FgQPJeb6IWwhEHnKXx_SLJ0EFxQ7SKbY\",\"type\":\"authorized_user\"},\"httpClient\":{\"retry\":{\"maxRetries\":4,\"statusCodes\":[503],\"ioErrorCodes\":[\"ECONNRESET\",\"ETIMEDOUT\"],\"backOffFactor\":0.5,\"maxDelayInMillis\":60000}}},\"databaseURL\":\"https://pultemsoft.firebaseio.com\"}"}}
[warn] !  functions: The Cloud Firestore emulator is not running, so calls to Firestore will affect production. {"metadata":{"emulator":{"name":"functions"},"message":"The Cloud Firestore emulator is not running, so calls to Firestore will affect production."}}
[info] +  functions[us-central1-app]: http function initialized (http://localhost:5000/pultemsoft/us-central1/app). {"metadata":{"emulator":{"name":"functions"},"message":"\u001b[1mhttp\u001b[22m function initialized (http://localhost:5000/pultemsoft/us-central1/app)."}}
[debug] [2022-01-25T22:59:07.122Z] [worker-~diagnostic~-15c1e715-39c2-4fce-8c30-1efba66f0edd]: IDLE {"metadata":{"emulator":{"name":"functions"},"message":"[worker-~diagnostic~-15c1e715-39c2-4fce-8c30-1efba66f0edd]: IDLE"}}
[debug] [2022-01-25T22:59:12.749Z] [work-queue] {"queueLength":1,"workRunningCount":0}
[debug] [2022-01-25T22:59:12.750Z] [work-queue] {"queueLength":0,"workRunningCount":1}
[debug] [2022-01-25T22:59:12.751Z] Accepted request POST /pultemsoft/us-central1/app/api/users --> us-central1-app
[debug] [2022-01-25T22:59:12.761Z] [worker-pool] addWorker(us-central1-app) {"metadata":{"emulator":{"name":"functions"},"message":"[worker-pool] addWorker(us-central1-app)"}}
[debug] [2022-01-25T22:59:12.762Z] [worker-pool] Adding worker with key us-central1-app, total=1 {"metadata":{"emulator":{"name":"functions"},"message":"[worker-pool] Adding worker with key us-central1-app, total=1"}}
[debug] [2022-01-25T22:59:12.762Z] [worker-pool] submitWork(triggerId=us-central1-app) {"metadata":{"emulator":{"name":"functions"},"message":"[worker-pool] submitWork(triggerId=us-central1-app)"}}
[debug] [2022-01-25T22:59:12.762Z] [worker-us-central1-app-8a280df3-3b25-4292-84c9-592e83c0c83a]: Assigning socketPath: \\?\pipe\D:\devnet\web\backend\functions\19716 {"metadata":{"emulator":{"name":"functions"},"message":"[worker-us-central1-app-8a280df3-3b25-4292-84c9-592e83c0c83a]: Assigning socketPath: \\\\?\\pipe\\D:\\devnet\\web\\backend\\functions\\19716"}}
[debug] [2022-01-25T22:59:12.763Z] [worker-us-central1-app-8a280df3-3b25-4292-84c9-592e83c0c83a]: BUSY {"metadata":{"emulator":{"name":"functions"},"message":"[worker-us-central1-app-8a280df3-3b25-4292-84c9-592e83c0c83a]: BUSY"}}
[debug] [2022-01-25T22:59:12.963Z] [runtime-status] [19716] Functions runtime initialized. {"cwd":"D:\\devnet\\web\\backend\\functions","node_version":"14.18.1"} {"metadata":{"emulator":{"name":"functions"},"function":{"name":"us-central1-app"},"message":"[runtime-status] [19716] Functions runtime initialized. {\"cwd\":\"D:\\\\devnet\\\\web\\\\backend\\\\functions\",\"node_version\":\"14.18.1\"}"}}
[debug] [2022-01-25T22:59:12.965Z] [runtime-status] [19716] Disabled runtime features: undefined {"metadata":{"emulator":{"name":"functions"},"function":{"name":"us-central1-app"},"message":"[runtime-status] [19716] Disabled runtime features: undefined"}}
[debug] [2022-01-25T22:59:12.968Z] [runtime-status] [19716] Resolved module firebase-admin {"declared":true,"installed":true,"version":"9.12.0","resolution":"D:\\devnet\\web\\backend\\functions\\node_modules\\firebase-admin\\lib\\index.js"} {"metadata":{"emulator":{"name":"functions"},"function":{"name":"us-central1-app"},"message":"[runtime-status] [19716] Resolved module firebase-admin {\"declared\":true,\"installed\":true,\"version\":\"9.12.0\",\"resolution\":\"D:\\\\devnet\\\\web\\\\backend\\\\functions\\\\node_modules\\\\firebase-admin\\\\lib\\\\index.js\"}"}}
[debug] [2022-01-25T22:59:12.971Z] [runtime-status] [19716] Resolved module firebase-functions {"declared":true,"installed":true,"version":"3.16.0","resolution":"D:\\devnet\\web\\backend\\functions\\node_modules\\firebase-functions\\lib\\index.js"} {"metadata":{"emulator":{"name":"functions"},"function":{"name":"us-central1-app"},"message":"[runtime-status] [19716] Resolved module firebase-functions {\"declared\":true,\"installed\":true,\"version\":\"3.16.0\",\"resolution\":\"D:\\\\devnet\\\\web\\\\backend\\\\functions\\\\node_modules\\\\firebase-functions\\\\lib\\\\index.js\"}"}}
[debug] [2022-01-25T22:59:12.973Z] [runtime-status] [19716] Outgoing network have been stubbed. [{"name":"http","status":"mocked"},{"name":"http","status":"mocked"},{"name":"https","status":"mocked"},{"name":"https","status":"mocked"},{"name":"net","status":"mocked"}] {"metadata":{"emulator":{"name":"functions"},"function":{"name":"us-central1-app"},"message":"[runtime-status] [19716] Outgoing network have been stubbed. [{\"name\":\"http\",\"status\":\"mocked\"},{\"name\":\"http\",\"status\":\"mocked\"},{\"name\":\"https\",\"status\":\"mocked\"},{\"name\":\"https\",\"status\":\"mocked\"},{\"name\":\"net\",\"status\":\"mocked\"}]"}}
[debug] [2022-01-25T22:59:12.975Z] [runtime-status] [19716] Resolved module firebase-functions {"declared":true,"installed":true,"version":"3.16.0","resolution":"D:\\devnet\\web\\backend\\functions\\node_modules\\firebase-functions\\lib\\index.js"} {"metadata":{"emulator":{"name":"functions"},"function":{"name":"us-central1-app"},"message":"[runtime-status] [19716] Resolved module firebase-functions {\"declared\":true,\"installed\":true,\"version\":\"3.16.0\",\"resolution\":\"D:\\\\devnet\\\\web\\\\backend\\\\functions\\\\node_modules\\\\firebase-functions\\\\lib\\\\index.js\"}"}}
[debug] [2022-01-25T22:59:13.025Z] [runtime-status] [19716] Checked functions.config() {"config":{}} {"metadata":{"emulator":{"name":"functions"},"function":{"name":"us-central1-app"},"message":"[runtime-status] [19716] Checked functions.config() {\"config\":{}}"}}
[debug] [2022-01-25T22:59:13.026Z] [runtime-status] [19716] firebase-functions has been stubbed. {"functionsResolution":{"declared":true,"installed":true,"version":"3.16.0","resolution":"D:\\devnet\\web\\backend\\functions\\node_modules\\firebase-functions\\lib\\index.js"}} {"metadata":{"emulator":{"name":"functions"},"function":{"name":"us-central1-app"},"message":"[runtime-status] [19716] firebase-functions has been stubbed. {\"functionsResolution\":{\"declared\":true,\"installed\":true,\"version\":\"3.16.0\",\"resolution\":\"D:\\\\devnet\\\\web\\\\backend\\\\functions\\\\node_modules\\\\firebase-functions\\\\lib\\\\index.js\"}}"}}
[debug] [2022-01-25T22:59:13.026Z] [runtime-status] [19716] Resolved module firebase-functions {"declared":true,"installed":true,"version":"3.16.0","resolution":"D:\\devnet\\web\\backend\\functions\\node_modules\\firebase-functions\\lib\\index.js"} {"metadata":{"emulator":{"name":"functions"},"function":{"name":"us-central1-app"},"message":"[runtime-status] [19716] Resolved module firebase-functions {\"declared\":true,\"installed\":true,\"version\":\"3.16.0\",\"resolution\":\"D:\\\\devnet\\\\web\\\\backend\\\\functions\\\\node_modules\\\\firebase-functions\\\\lib\\\\index.js\"}"}}
[debug] [2022-01-25T22:59:13.028Z] [runtime-status] [19716] Resolved module firebase-admin {"declared":true,"installed":true,"version":"9.12.0","resolution":"D:\\devnet\\web\\backend\\functions\\node_modules\\firebase-admin\\lib\\index.js"} {"metadata":{"emulator":{"name":"functions"},"function":{"name":"us-central1-app"},"message":"[runtime-status] [19716] Resolved module firebase-admin {\"declared\":true,\"installed\":true,\"version\":\"9.12.0\",\"resolution\":\"D:\\\\devnet\\\\web\\\\backend\\\\functions\\\\node_modules\\\\firebase-admin\\\\lib\\\\index.js\"}"}}
[debug] [2022-01-25T22:59:13.028Z] [runtime-status] [19716] Resolved module firebase-functions {"declared":true,"installed":true,"version":"3.16.0","resolution":"D:\\devnet\\web\\backend\\functions\\node_modules\\firebase-functions\\lib\\index.js"} {"metadata":{"emulator":{"name":"functions"},"function":{"name":"us-central1-app"},"message":"[runtime-status] [19716] Resolved module firebase-functions {\"declared\":true,\"installed\":true,\"version\":\"3.16.0\",\"resolution\":\"D:\\\\devnet\\\\web\\\\backend\\\\functions\\\\node_modules\\\\firebase-functions\\\\lib\\\\index.js\"}"}}
[debug] [2022-01-25T22:59:13.028Z] [runtime-status] [19716] firebase-admin has been stubbed. {"adminResolution":{"declared":true,"installed":true,"version":"9.12.0","resolution":"D:\\devnet\\web\\backend\\functions\\node_modules\\firebase-admin\\lib\\index.js"}} {"metadata":{"emulator":{"name":"functions"},"function":{"name":"us-central1-app"},"message":"[runtime-status] [19716] firebase-admin has been stubbed. {\"adminResolution\":{\"declared\":true,\"installed\":true,\"version\":\"9.12.0\",\"resolution\":\"D:\\\\devnet\\\\web\\\\backend\\\\functions\\\\node_modules\\\\firebase-admin\\\\lib\\\\index.js\"}}"}}
[debug] [2022-01-25T22:59:13.165Z] [runtime-status] [19716] initializeApp(DEFAULT) {"credential":{"implicit":true,"refreshToken":{"clientId":"563584335869-fgrhgmd47bqnekij5i8b5pr03ho849e6.apps.googleusercontent.com","clientSecret":"j9iVZfS8kkCEFUPaAeJV0sAi","refreshToken":"1//05BsqMB2WjjMgCgYIARAAGAUSNwF-L9Ir88d73cChofLBkXRoq74fOqAiX0HZhRd6MH0FgQPJeb6IWwhEHnKXx_SLJ0EFxQ7SKbY","type":"authorized_user"},"httpClient":{"retry":{"maxRetries":4,"statusCodes":[503],"ioErrorCodes":["ECONNRESET","ETIMEDOUT"],"backOffFactor":0.5,"maxDelayInMillis":60000}}},"databaseURL":"https://pultemsoft.firebaseio.com"} {"metadata":{"emulator":{"name":"functions"},"function":{"name":"us-central1-app"},"message":"[runtime-status] [19716] initializeApp(DEFAULT) {\"credential\":{\"implicit\":true,\"refreshToken\":{\"clientId\":\"563584335869-fgrhgmd47bqnekij5i8b5pr03ho849e6.apps.googleusercontent.com\",\"clientSecret\":\"j9iVZfS8kkCEFUPaAeJV0sAi\",\"refreshToken\":\"1//05BsqMB2WjjMgCgYIARAAGAUSNwF-L9Ir88d73cChofLBkXRoq74fOqAiX0HZhRd6MH0FgQPJeb6IWwhEHnKXx_SLJ0EFxQ7SKbY\",\"type\":\"authorized_user\"},\"httpClient\":{\"retry\":{\"maxRetries\":4,\"statusCodes\":[503],\"ioErrorCodes\":[\"ECONNRESET\",\"ETIMEDOUT\"],\"backOffFactor\":0.5,\"maxDelayInMillis\":60000}}},\"databaseURL\":\"https://pultemsoft.firebaseio.com\"}"}}
[debug] [2022-01-25T22:59:13.195Z] [runtime-status] [19716] Trigger "us-central1-app" has been found, beginning invocation! {"metadata":{"emulator":{"name":"functions"},"function":{"name":"us-central1-app"},"message":"[runtime-status] [19716] Trigger \"us-central1-app\" has been found, beginning invocation!"}}
[info] i  functions: Beginning execution of "us-central1-app" {"metadata":{"emulator":{"name":"functions"},"function":{"name":"us-central1-app"},"message":"Beginning execution of \"us-central1-app\""}}
[debug] [2022-01-25T22:59:13.197Z] [runtime-status] [19716] triggerDefinition {"httpsTrigger":{},"name":"app","entryPoint":"app","regions":["us-central1"],"region":"us-central1","id":"us-central1-app"} {"metadata":{"emulator":{"name":"functions"},"function":{"name":"us-central1-app"},"message":"[runtime-status] [19716] triggerDefinition {\"httpsTrigger\":{},\"name\":\"app\",\"entryPoint\":\"app\",\"regions\":[\"us-central1\"],\"region\":\"us-central1\",\"id\":\"us-central1-app\"}"}}
[debug] [2022-01-25T22:59:13.197Z] [runtime-status] [19716] Running us-central1-app in signature http {"metadata":{"emulator":{"name":"functions"},"function":{"name":"us-central1-app"},"message":"[runtime-status] [19716] Running us-central1-app in signature http"}}
[debug] [2022-01-25T22:59:13.199Z] [runtime-status] [19716] Attempting to listen to socketPath: \\?\pipe\D:\devnet\web\backend\functions\19716 {"metadata":{"emulator":{"name":"functions"},"function":{"name":"us-central1-app"},"message":"[runtime-status] [19716] Attempting to listen to socketPath: \\\\?\\pipe\\D:\\devnet\\web\\backend\\functions\\19716"}}
[debug] [2022-01-25T22:59:13.204Z] [functions] Runtime ready! Sending request! {"metadata":{"emulator":{"name":"functions"},"message":"[functions] Runtime ready! Sending request!"}}
[debug] [2022-01-25T22:59:13.204Z] [functions] Got req.url=/pultemsoft/us-central1/app/api/users, mapping to path=/api/users {"metadata":{"emulator":{"name":"functions"},"message":"[functions] Got req.url=/pultemsoft/us-central1/app/api/users, mapping to path=/api/users"}}
[debug] [2022-01-25T22:59:13.224Z] [runtime-status] [19716] Ephemeral server handling POST request {"metadata":{"emulator":{"name":"functions"},"function":{"name":"us-central1-app"},"message":"[runtime-status] [19716] Ephemeral server handling POST request"}}
[debug] [2022-01-25T22:59:13.230Z] [runtime-status] [19716] Ephemeral server survived. {"metadata":{"emulator":{"name":"functions"},"function":{"name":"us-central1-app"},"message":"[runtime-status] [19716] Ephemeral server survived."}}
[warn] !  Google API requested!
   - URL: "https://oauth2.googleapis.com/token"
   - Be careful, this may be a production service. {"metadata":{"emulator":{"name":"functions"},"function":{"name":"us-central1-app"},"message":"Google API requested!\n   - URL: \"https://oauth2.googleapis.com/token\"\n   - Be careful, this may be a production service."}}
[info] i  functions: Finished "us-central1-app" in ~1s {"metadata":{"emulator":{"name":"functions"},"function":{"name":"us-central1-app"},"message":"Finished \"us-central1-app\" in ~1s"}}
[debug] [2022-01-25T22:59:14.980Z] [worker-us-central1-app-8a280df3-3b25-4292-84c9-592e83c0c83a]: IDLE {"metadata":{"emulator":{"name":"functions"},"message":"[worker-us-central1-app-8a280df3-3b25-4292-84c9-592e83c0c83a]: IDLE"}}
[debug] [2022-01-25T22:59:14.981Z] [work-queue] {"queueLength":0,"workRunningCount":0}
[debug] [2022-01-25T23:00:19.852Z] [work-queue] {"queueLength":1,"workRunningCount":0}
[debug] [2022-01-25T23:00:19.853Z] [work-queue] {"queueLength":0,"workRunningCount":1}
[debug] [2022-01-25T23:00:19.853Z] Accepted request POST /pultemsoft/us-central1/app/createUser --> us-central1-app
[debug] [2022-01-25T23:00:19.854Z] [worker-pool] submitWork(triggerId=us-central1-app) {"metadata":{"emulator":{"name":"functions"},"message":"[worker-pool] submitWork(triggerId=us-central1-app)"}}
[debug] [2022-01-25T23:00:19.855Z] [worker-us-central1-app-8a280df3-3b25-4292-84c9-592e83c0c83a]: Assigning socketPath: \\?\pipe\D:\devnet\web\backend\functions\19716 {"metadata":{"emulator":{"name":"functions"},"message":"[worker-us-central1-app-8a280df3-3b25-4292-84c9-592e83c0c83a]: Assigning socketPath: \\\\?\\pipe\\D:\\devnet\\web\\backend\\functions\\19716"}}
[debug] [2022-01-25T23:00:19.855Z] [worker-us-central1-app-8a280df3-3b25-4292-84c9-592e83c0c83a]: BUSY {"metadata":{"emulator":{"name":"functions"},"message":"[worker-us-central1-app-8a280df3-3b25-4292-84c9-592e83c0c83a]: BUSY"}}
[debug] [2022-01-25T23:00:19.857Z] [runtime-status] [19716] Trigger "us-central1-app" has been found, beginning invocation! {"metadata":{"emulator":{"name":"functions"},"function":{"name":"us-central1-app"},"message":"[runtime-status] [19716] Trigger \"us-central1-app\" has been found, beginning invocation!"}}
[info] i  functions: Beginning execution of "us-central1-app" {"metadata":{"emulator":{"name":"functions"},"function":{"name":"us-central1-app"},"message":"Beginning execution of \"us-central1-app\""}}
[debug] [2022-01-25T23:00:19.861Z] [runtime-status] [19716] triggerDefinition {"httpsTrigger":{},"name":"app","entryPoint":"app","regions":["us-central1"],"region":"us-central1","id":"us-central1-app"} {"metadata":{"emulator":{"name":"functions"},"function":{"name":"us-central1-app"},"message":"[runtime-status] [19716] triggerDefinition {\"httpsTrigger\":{},\"name\":\"app\",\"entryPoint\":\"app\",\"regions\":[\"us-central1\"],\"region\":\"us-central1\",\"id\":\"us-central1-app\"}"}}
[debug] [2022-01-25T23:00:19.862Z] [runtime-status] [19716] Running us-central1-app in signature http {"metadata":{"emulator":{"name":"functions"},"function":{"name":"us-central1-app"},"message":"[runtime-status] [19716] Running us-central1-app in signature http"}}
[debug] [2022-01-25T23:00:19.864Z] [runtime-status] [19716] Attempting to listen to socketPath: \\?\pipe\D:\devnet\web\backend\functions\19716 {"metadata":{"emulator":{"name":"functions"},"function":{"name":"us-central1-app"},"message":"[runtime-status] [19716] Attempting to listen to socketPath: \\\\?\\pipe\\D:\\devnet\\web\\backend\\functions\\19716"}}
[debug] [2022-01-25T23:00:19.870Z] [functions] Runtime ready! Sending request! {"metadata":{"emulator":{"name":"functions"},"message":"[functions] Runtime ready! Sending request!"}}
[debug] [2022-01-25T23:00:19.871Z] [functions] Got req.url=/pultemsoft/us-central1/app/createUser, mapping to path=/createUser {"metadata":{"emulator":{"name":"functions"},"message":"[functions] Got req.url=/pultemsoft/us-central1/app/createUser, mapping to path=/createUser"}}
[debug] [2022-01-25T23:00:19.883Z] [runtime-status] [19716] Ephemeral server handling POST request {"metadata":{"emulator":{"name":"functions"},"function":{"name":"us-central1-app"},"message":"[runtime-status] [19716] Ephemeral server handling POST request"}}
[debug] [2022-01-25T23:00:19.885Z] [runtime-status] [19716] Ephemeral server survived. {"metadata":{"emulator":{"name":"functions"},"function":{"name":"us-central1-app"},"message":"[runtime-status] [19716] Ephemeral server survived."}}
[warn] !  Google API requested!
   - URL: "https://identitytoolkit.googleapis.com/v1/accounts:signUp?key=AIzaSyD2GjKPI4LwemmrdlTxTObCDS8iLRTO6ww"
   - Be careful, this may be a production service. {"metadata":{"emulator":{"name":"functions"},"function":{"name":"us-central1-app"},"message":"Google API requested!\n   - URL: \"https://identitytoolkit.googleapis.com/v1/accounts:signUp?key=AIzaSyD2GjKPI4LwemmrdlTxTObCDS8iLRTO6ww\"\n   - Be careful, this may be a production service."}}
[warn] !  Google API requested!
   - URL: "https://identitytoolkit.googleapis.com/v1/accounts:lookup?key=AIzaSyD2GjKPI4LwemmrdlTxTObCDS8iLRTO6ww"
   - Be careful, this may be a production service. {"metadata":{"emulator":{"name":"functions"},"function":{"name":"us-central1-app"},"message":"Google API requested!\n   - URL: \"https://identitytoolkit.googleapis.com/v1/accounts:lookup?key=AIzaSyD2GjKPI4LwemmrdlTxTObCDS8iLRTO6ww\"\n   - Be careful, this may be a production service."}}
[info] i  functions: Finished "us-central1-app" in ~1s {"metadata":{"emulator":{"name":"functions"},"function":{"name":"us-central1-app"},"message":"Finished \"us-central1-app\" in ~1s"}}
[debug] [2022-01-25T23:00:21.221Z] [worker-us-central1-app-8a280df3-3b25-4292-84c9-592e83c0c83a]: IDLE {"metadata":{"emulator":{"name":"functions"},"message":"[worker-us-central1-app-8a280df3-3b25-4292-84c9-592e83c0c83a]: IDLE"}}
[debug] [2022-01-25T23:00:21.222Z] [work-queue] {"queueLength":0,"workRunningCount":0}
